<?xml version="1.0" encoding="UTF-8"?>
<testsuite name="CabInvoiceTest" tests="1" skipped="0" failures="0" errors="0" timestamp="2020-03-12T12:50:23" hostname="bridgelabz" time="0.005">
  <properties/>
  <testcase name="givenLessDistanceAndTime_ShouldReturnMinFare" classname="CabInvoiceTest" time="0.005"/>
  <system-out><![CDATA[]]></system-out>
  <system-err><![CDATA[]]></system-err>
</testsuite>
