<?xml version="1.0" encoding="UTF-8"?>
<testsuite name="CabInvoiceTest" tests="4" skipped="0" failures="0" errors="0" timestamp="2020-03-13T10:02:20" hostname="bridgelabz" time="0.006">
  <properties/>
  <testcase name="givenLessDistanceAndTime_ShouldReturnMinFare" classname="CabInvoiceTest" time="0.003"/>
  <testcase name="givenUserIdAndRides_ShouldReturnInvoiceSummary" classname="CabInvoiceTest" time="0.001"/>
  <testcase name="givenDistanceAndTime_ShouldReturnTotalFare" classname="CabInvoiceTest" time="0.001"/>
  <testcase name="givenMultipleRides_ShouldReturnInvoiceSummary" classname="CabInvoiceTest" time="0.0"/>
  <system-out><![CDATA[]]></system-out>
  <system-err><![CDATA[]]></system-err>
</testsuite>
